0 info it worked if it ends with ok
1 verbose cli [ 'node', '/usr/local/bin/npm', 'install', '-g', 'ionic' ]
2 info using npm@2.7.5
3 info using node@v0.12.2
4 silly cache add args [ 'ionic', null ]
5 verbose cache add spec ionic
6 silly cache add parsed spec { raw: 'ionic',
6 silly cache add   scope: null,
6 silly cache add   name: 'ionic',
6 silly cache add   rawSpec: '',
6 silly cache add   spec: '*',
6 silly cache add   type: 'range' }
7 verbose addNamed ionic@*
8 silly addNamed semver.valid null
9 silly addNamed semver.validRange *
10 silly addNameRange { name: 'ionic', range: '*', hasData: false }
11 silly mapToRegistry name ionic
12 silly mapToRegistry using default registry
13 silly mapToRegistry registry https://registry.npmjs.org/
14 silly mapToRegistry uri https://registry.npmjs.org/ionic
15 verbose addNameRange registry:https://registry.npmjs.org/ionic not in flight; fetching
16 verbose request uri https://registry.npmjs.org/ionic
17 verbose request no auth needed
18 info attempt registry request try #1 at 7:35:38 PM
19 verbose request id fb6e5c7c27a08d42
20 http request GET https://registry.npmjs.org/ionic
21 http 200 https://registry.npmjs.org/ionic
22 silly get cb [ 200,
22 silly get   { server: 'CouchDB/1.5.0 (Erlang OTP/R16B03)',
22 silly get     etag: '"7RRHBPCPCSZABQ5PORKXJ1NTT"',
22 silly get     'content-type': 'application/json',
22 silly get     'cache-control': 'max-age=60',
22 silly get     'content-length': '468199',
22 silly get     'accept-ranges': 'bytes',
22 silly get     date: 'Wed, 26 Aug 2015 00:35:39 GMT',
22 silly get     via: '1.1 varnish',
22 silly get     age: '0',
22 silly get     connection: 'keep-alive',
22 silly get     'x-served-by': 'cache-dfw1827-DFW',
22 silly get     'x-cache': 'HIT',
22 silly get     'x-cache-hits': '1',
22 silly get     'x-timer': 'S1440549339.554892,VS0,VE50',
22 silly get     vary: 'Accept' } ]
23 verbose get saving ionic to /Users/jeremyholland/.npm/registry.npmjs.org/ionic/.cache.json
24 silly addNameRange number 2 { name: 'ionic', range: '*', hasData: true }
25 silly addNameRange versions [ 'ionic',
25 silly addNameRange   [ '0.9.6',
25 silly addNameRange     '0.9.8',
25 silly addNameRange     '0.9.9',
25 silly addNameRange     '0.9.10',
25 silly addNameRange     '0.9.11',
25 silly addNameRange     '0.9.12',
25 silly addNameRange     '0.9.13',
25 silly addNameRange     '0.9.14',
25 silly addNameRange     '0.9.15',
25 silly addNameRange     '0.9.16',
25 silly addNameRange     '1.0.0-beta.1',
25 silly addNameRange     '1.0.0-beta',
25 silly addNameRange     '1.0.1-beta',
25 silly addNameRange     '1.0.3-beta',
25 silly addNameRange     '1.0.4',
25 silly addNameRange     '1.0.5',
25 silly addNameRange     '1.0.6',
25 silly addNameRange     '1.0.7',
25 silly addNameRange     '1.0.8',
25 silly addNameRange     '1.0.9',
25 silly addNameRange     '1.0.10',
25 silly addNameRange     '1.0.11',
25 silly addNameRange     '1.0.12',
25 silly addNameRange     '1.0.13',
25 silly addNameRange     '1.0.14',
25 silly addNameRange     '1.0.15',
25 silly addNameRange     '1.0.16',
25 silly addNameRange     '1.0.17',
25 silly addNameRange     '1.1.0-beta1',
25 silly addNameRange     '1.1.0-beta2',
25 silly addNameRange     '1.1.0-beta3',
25 silly addNameRange     '1.1.0-beta4',
25 silly addNameRange     '1.1.0-beta5',
25 silly addNameRange     '1.1.0-beta6',
25 silly addNameRange     '1.1.0',
25 silly addNameRange     '1.1.1-beta1',
25 silly addNameRange     '1.1.1-beta2',
25 silly addNameRange     '1.1.1-beta3',
25 silly addNameRange     '1.1.1',
25 silly addNameRange     '1.1.3',
25 silly addNameRange     '1.1.4',
25 silly addNameRange     '1.1.5-beta1',
25 silly addNameRange     '1.1.5-beta2',
25 silly addNameRange     '1.1.5-beta3',
25 silly addNameRange     '1.1.5-beta4',
25 silly addNameRange     '1.1.5-beta5',
25 silly addNameRange     '1.1.5',
25 silly addNameRange     '1.1.6',
25 silly addNameRange     '1.1.7-beta1',
25 silly addNameRange     '1.1.7',
25 silly addNameRange     '1.1.8-beta1',
25 silly addNameRange     '1.1.8-beta2',
25 silly addNameRange     '1.1.8-beta3',
25 silly addNameRange     '1.1.8-beta4',
25 silly addNameRange     '1.1.8-beta5',
25 silly addNameRange     '1.1.8',
25 silly addNameRange     '1.1.9-beta1',
25 silly addNameRange     '1.1.9',
25 silly addNameRange     '1.1.10',
25 silly addNameRange     '1.1.11-beta1',
25 silly addNameRange     '1.1.11-beta2',
25 silly addNameRange     '1.1.11',
25 silly addNameRange     '1.1.12-beta1',
25 silly addNameRange     '1.1.12-beta2',
25 silly addNameRange     '1.1.12-beta3',
25 silly addNameRange     '1.1.12',
25 silly addNameRange     '1.1.13',
25 silly addNameRange     '1.1.14-beta1',
25 silly addNameRange     '1.1.14-beta2',
25 silly addNameRange     '1.1.14-beta3',
25 silly addNameRange     '1.2.0-beta1',
25 silly addNameRange     '1.2.0',
25 silly addNameRange     '1.2.1-beta1',
25 silly addNameRange     '1.2.1-beta2',
25 silly addNameRange     '1.2.1-beta3',
25 silly addNameRange     '1.2.1-beta4',
25 silly addNameRange     '1.2.1',
25 silly addNameRange     '1.2.2',
25 silly addNameRange     '1.2.3-beta1',
25 silly addNameRange     '1.2.3-beta2',
25 silly addNameRange     '1.2.3-beta3',
25 silly addNameRange     '1.2.3',
25 silly addNameRange     '1.2.4-beta1',
25 silly addNameRange     '1.2.4-beta2',
25 silly addNameRange     '1.2.4-beta3',
25 silly addNameRange     '1.2.4',
25 silly addNameRange     '1.2.5-beta1',
25 silly addNameRange     '1.2.5-beta2',
25 silly addNameRange     '1.2.5-beta3',
25 silly addNameRange     '1.2.5',
25 silly addNameRange     '1.2.6-beta1',
25 silly addNameRange     '1.2.6-beta2',
25 silly addNameRange     '1.2.6-beta3',
25 silly addNameRange     '1.2.6',
25 silly addNameRange     '1.2.7',
25 silly addNameRange     '1.2.8-beta1',
25 silly addNameRange     '1.2.8-beta2',
25 silly addNameRange     '1.2.8',
25 silly addNameRange     '1.2.9',
25 silly addNameRange     '1.2.10',
25 silly addNameRange     '1.2.11',
25 silly addNameRange     '1.2.12',
25 silly addNameRange     '1.2.13',
25 silly addNameRange     '1.2.14-beta1',
25 silly addNameRange     '1.2.14-beta2',
25 silly addNameRange     '1.2.14-beta3',
25 silly addNameRange     '1.2.14-beta4',
25 silly addNameRange     '1.2.14-beta5',
25 silly addNameRange     '1.2.14-beta6',
25 silly addNameRange     '1.2.14',
25 silly addNameRange     '1.3.0-beta1',
25 silly addNameRange     '1.3.0',
25 silly addNameRange     '1.3.1',
25 silly addNameRange     '1.3.2',
25 silly addNameRange     '1.3.3',
25 silly addNameRange     '1.3.4',
25 silly addNameRange     '1.3.5',
25 silly addNameRange     '1.3.6',
25 silly addNameRange     '1.3.7',
25 silly addNameRange     '1.3.8',
25 silly addNameRange     '1.3.9',
25 silly addNameRange     '1.3.10',
25 silly addNameRange     '1.4.0-alpha.1',
25 silly addNameRange     '1.3.11',
25 silly addNameRange     '1.3.1-1.alpha.0',
25 silly addNameRange     '1.4.0-alpha.2',
25 silly addNameRange     '1.3.12',
25 silly addNameRange     '1.3.12-beta.1',
25 silly addNameRange     '1.3.12-beta.2',
25 silly addNameRange     '1.3.13-beta.0',
25 silly addNameRange     '1.3.1-3.beta.1',
25 silly addNameRange     '1.3.1-3.beta.2',
25 silly addNameRange     '1.3.13',
25 silly addNameRange     '1.3.1-3.beta.4',
25 silly addNameRange     '1.3.14-beta',
25 silly addNameRange     '1.3.14-beta.1',
25 silly addNameRange     '1.4.0-alpha.3',
25 silly addNameRange     '1.3.14',
25 silly addNameRange     '1.4.0-alpha.4',
25 silly addNameRange     '1.4.0-alpha.5',
25 silly addNameRange     '1.3.15-beta.0',
25 silly addNameRange     '1.3.15-beta.1',
25 silly addNameRange     '1.3.15-beta.2',
25 silly addNameRange     '1.3.15-beta.3',
25 silly addNameRange     '1.3.15-beta.4',
25 silly addNameRange     '1.3.15',
25 silly addNameRange     '1.3.16',
25 silly addNameRange     '1.4.0-alpha.6',
25 silly addNameRange     '1.3.17-beta.0',
25 silly addNameRange     '1.3.17-beta.1',
25 silly addNameRange     '1.3.17-beta.2',
25 silly addNameRange     '1.3.17-beta.3',
25 silly addNameRange     '1.3.1-7.beta.4',
25 silly addNameRange     '1.3.17',
25 silly addNameRange     '1.3.18-beta.0',
25 silly addNameRange     '1.3.18-beta.1',
25 silly addNameRange     '1.3.18-beta.2',
25 silly addNameRange     '1.3.18-beta.3',
25 silly addNameRange     '1.3.18',
25 silly addNameRange     '1.3.19-beta.0',
25 silly addNameRange     '1.3.19-beta.1',
25 silly addNameRange     '1.3.19-beta.2',
25 silly addNameRange     '1.3.19-beta.3',
25 silly addNameRange     '1.3.19-beta.4',
25 silly addNameRange     '1.3.19',
25 silly addNameRange     '1.3.20',
25 silly addNameRange     '1.4.1-beta.0',
25 silly addNameRange     '1.4.0-beta.1',
25 silly addNameRange     '1.4.0-beta.2',
25 silly addNameRange     '1.4.0-beta.3',
25 silly addNameRange     '1.4.0-beta.5',
25 silly addNameRange     '1.4.0-beta.6',
25 silly addNameRange     '1.4.0-beta.7',
25 silly addNameRange     '1.3.21-beta.0',
25 silly addNameRange     '1.3.21-beta.1',
25 silly addNameRange     '1.3.21',
25 silly addNameRange     '1.3.22',
25 silly addNameRange     '1.4.0-beta.8',
25 silly addNameRange     '1.4.0-beta.9',
25 silly addNameRange     '1.4.0-beta.10',
25 silly addNameRange     '1.4.0-beta.11',
25 silly addNameRange     '1.4.0-beta.12',
25 silly addNameRange     '1.4.0-beta.13',
25 silly addNameRange     '1.4.0-beta.14',
25 silly addNameRange     '1.4.0-beta.15',
25 silly addNameRange     '1.4.0-beta.16',
25 silly addNameRange     '1.4.0-beta.17',
25 silly addNameRange     '1.4.0-beta.18',
25 silly addNameRange     '1.4.0',
25 silly addNameRange     '1.4.1',
25 silly addNameRange     '1.4.2',
25 silly addNameRange     '1.4.3',
25 silly addNameRange     '1.4.4-beta.0',
25 silly addNameRange     '1.4.4-beta.2',
25 silly addNameRange     '1.4.4',
25 silly addNameRange     '1.4.5-beta.0',
25 silly addNameRange     '1.4.5-beta.1',
25 silly addNameRange     '1.4.5-beta.2',
25 silly addNameRange     '1.4.5-beta.3',
25 silly addNameRange     '1.4.5',
25 silly addNameRange     '1.4.6-beta.0',
25 silly addNameRange     '1.4.6',
25 silly addNameRange     '1.4.7',
25 silly addNameRange     '1.4.8',
25 silly addNameRange     '1.5.0-beta.0',
25 silly addNameRange     '1.5.0-beta.1',
25 silly addNameRange     '1.5.0',
25 silly addNameRange     '1.5.1-beta.0',
25 silly addNameRange     '1.5.1-beta.1',
25 silly addNameRange     '1.5.1-beta.2',
25 silly addNameRange     '1.5.1-beta.3',
25 silly addNameRange     '1.5.1-beta.4',
25 silly addNameRange     '1.5.1',
25 silly addNameRange     '1.5.2',
25 silly addNameRange     '1.5.3',
25 silly addNameRange     '1.5.4',
25 silly addNameRange     '1.5.5',
25 silly addNameRange     '1.6.0-beta.1',
25 silly addNameRange     '1.6.0',
25 silly addNameRange     '1.6.1',
25 silly addNameRange     '1.6.2-beta.0',
25 silly addNameRange     '1.6.2-beta.1',
25 silly addNameRange     '1.6.2-beta.2',
25 silly addNameRange     '1.6.2',
25 silly addNameRange     '1.6.3-beta.0',
25 silly addNameRange     '1.6.3-beta.1',
25 silly addNameRange     '1.6.3',
25 silly addNameRange     '1.6.4-beta.0',
25 silly addNameRange     '1.6.4-beta.1',
25 silly addNameRange     '1.6.4' ] ]
26 verbose addNamed ionic@1.6.4
27 silly addNamed semver.valid 1.6.4
28 silly addNamed semver.validRange 1.6.4
29 silly mapToRegistry name ionic
30 silly mapToRegistry using default registry
31 silly mapToRegistry registry https://registry.npmjs.org/
32 silly mapToRegistry uri https://registry.npmjs.org/ionic
33 verbose addRemoteTarball https://registry.npmjs.org/ionic/-/ionic-1.6.4.tgz not in flight; adding
34 verbose addRemoteTarball [ 'https://registry.npmjs.org/ionic/-/ionic-1.6.4.tgz',
34 verbose addRemoteTarball   '2c0cd94c4316cab206796e44fe67565bf4b883a0' ]
35 info retry fetch attempt 1 at 7:35:41 PM
36 info attempt registry request try #1 at 7:35:41 PM
37 http fetch GET https://registry.npmjs.org/ionic/-/ionic-1.6.4.tgz
38 http fetch 200 https://registry.npmjs.org/ionic/-/ionic-1.6.4.tgz
39 silly fetchAndShaCheck shasum 2c0cd94c4316cab206796e44fe67565bf4b883a0
40 verbose addTmpTarball /var/folders/lh/jkjk5xzj7gvg9m2j6q6yzk4h0000gn/T/npm-657-32b1248b/registry.npmjs.org/ionic/-/ionic-1.6.4.tgz not in flight; adding
41 verbose addTmpTarball already have metadata; skipping unpack for ionic@1.6.4
42 silly cache afterAdd ionic@1.6.4
43 verbose afterAdd /Users/jeremyholland/.npm/ionic/1.6.4/package/package.json not in flight; writing
44 verbose afterAdd /Users/jeremyholland/.npm/ionic/1.6.4/package/package.json written
45 silly install resolved [ { name: 'ionic',
45 silly install resolved     version: '1.6.4',
45 silly install resolved     preferGlobal: true,
45 silly install resolved     description: 'A tool for creating and developing Ionic Framework mobile apps.',
45 silly install resolved     homepage: 'http://ionicframework.com/',
45 silly install resolved     bin: { ionic: 'bin/ionic' },
45 silly install resolved     scripts:
45 silly install resolved      { bump: 'node lib/tasks/bumpversion',
45 silly install resolved        'beta-bump': 'node lib/tasks/bumpversion --level pre --identifier beta',
45 silly install resolved        'publish-release': 'node lib/tasks/bumpversion --npmPublish',
45 silly install resolved        'publish-tag': 'node lib/tasks/bumpversion --level beta --npmPublishTag',
45 silly install resolved        'full-release': 'node lib/tasks/bumpversion --npmInstall --git --npmPublish',
45 silly install resolved        test: 'npm run jasmine',
45 silly install resolved        e2e: 'jasmine-node --captureExceptions ./e2e',
45 silly install resolved        jasmine: 'jasmine-node --captureExceptions  ./spec' },
45 silly install resolved     keywords:
45 silly install resolved      [ 'ionic',
45 silly install resolved        'ionic framework',
45 silly install resolved        'ionicframework',
45 silly install resolved        'mobile',
45 silly install resolved        'app',
45 silly install resolved        'hybrid',
45 silly install resolved        'cordova',
45 silly install resolved        'phonegap' ],
45 silly install resolved     repository:
45 silly install resolved      { type: 'git',
45 silly install resolved        url: 'git+https://github.com/driftyco/ionic-cli.git' },
45 silly install resolved     contributors: [ [Object], [Object], [Object], [Object] ],
45 silly install resolved     license: 'MIT',
45 silly install resolved     dependencies:
45 silly install resolved      { async: '^0.9.0',
45 silly install resolved        cheerio: '^0.19.0',
45 silly install resolved        'cli-table': '^0.3.1',
45 silly install resolved        colors: '0.6.2',
45 silly install resolved        connect: '3.1.1',
45 silly install resolved        'connect-livereload': '0.5.2',
45 silly install resolved        crc: '3.2.1',
45 silly install resolved        'cross-spawn': '0.2.3',
45 silly install resolved        'event-stream': '3.0.x',
45 silly install resolved        finalhandler: '0.2.0',
45 silly install resolved        'form-data': '0.1.4',
45 silly install resolved        gulp: '3.8.8',
45 silly install resolved        'ionic-app-lib': '0.3.8',
45 silly install resolved        ncp: '0.4.2',
45 silly install resolved        npm: '2.1.3',
45 silly install resolved        'opbeat-ionic': '^1.1.3',
45 silly install resolved        open: '0.0.5',
45 silly install resolved        optimist: '0.6.0',
45 silly install resolved        progress: '1.1.7',
45 silly install resolved        prompt: '0.2.12',
45 silly install resolved        'proxy-middleware': '^0.7.0',
45 silly install resolved        q: '1.0.1',
45 silly install resolved        request: '2.51.0',
45 silly install resolved        semver: '^4.2.0',
45 silly install resolved        'serve-static': '1.7.1',
45 silly install resolved        shelljs: '0.2.6',
45 silly install resolved        'tiny-lr-fork': '0.0.5',
45 silly install resolved        underscore: '~1.7.0',
45 silly install resolved        unzip: '0.1.9',
45 silly install resolved        'vinyl-fs': '0.3.7',
45 silly install resolved        xml2js: '0.4.4' },
45 silly install resolved     devDependencies: { 'jasmine-node': '^1.14.5' },
45 silly install resolved     gitHead: 'd43af1c933e81dc62cd9e0d752a41f827c85bd7f',
45 silly install resolved     bugs: { url: 'https://github.com/driftyco/ionic-cli/issues' },
45 silly install resolved     _id: 'ionic@1.6.4',
45 silly install resolved     _shasum: '2c0cd94c4316cab206796e44fe67565bf4b883a0',
45 silly install resolved     _from: 'ionic@*',
45 silly install resolved     _npmVersion: '2.12.0',
45 silly install resolved     _nodeVersion: '0.10.38',
45 silly install resolved     _npmUser: { name: 'ericb', email: 'eric@hellouser.net' },
45 silly install resolved     dist:
45 silly install resolved      { shasum: '2c0cd94c4316cab206796e44fe67565bf4b883a0',
45 silly install resolved        tarball: 'http://registry.npmjs.org/ionic/-/ionic-1.6.4.tgz' },
45 silly install resolved     maintainers: [ [Object], [Object], [Object], [Object] ],
45 silly install resolved     directories: {},
45 silly install resolved     _resolved: 'https://registry.npmjs.org/ionic/-/ionic-1.6.4.tgz' } ]
46 info install ionic@1.6.4 into /Users/jeremyholland/.node/lib
47 info installOne ionic@1.6.4
48 verbose installOne of ionic to /Users/jeremyholland/.node/lib not in flight; installing
49 warn locking Error: EACCES, open '/Users/jeremyholland/.npm/_locks/ionic-5f98285fbc841078.lock'
49 warn locking     at Error (native)
49 warn locking  /Users/jeremyholland/.npm/_locks/ionic-5f98285fbc841078.lock failed { [Error: EACCES, open '/Users/jeremyholland/.npm/_locks/ionic-5f98285fbc841078.lock']
49 warn locking   errno: -13,
49 warn locking   code: 'EACCES',
49 warn locking   path: '/Users/jeremyholland/.npm/_locks/ionic-5f98285fbc841078.lock' }
50 verbose stack Error: Attempt to unlock /Users/jeremyholland/.node/lib/node_modules/ionic, which hasn't been locked
50 verbose stack     at unlock (/usr/local/lib/node_modules/npm/lib/utils/locker.js:66:11)
50 verbose stack     at cb (/usr/local/lib/node_modules/npm/lib/install.js:1004:5)
50 verbose stack     at /usr/local/lib/node_modules/npm/lib/install.js:1008:20
50 verbose stack     at /usr/local/lib/node_modules/npm/lib/utils/locker.js:40:9
50 verbose stack     at cb (/usr/local/lib/node_modules/npm/node_modules/lockfile/lockfile.js:149:38)
50 verbose stack     at /usr/local/lib/node_modules/npm/node_modules/lockfile/lockfile.js:177:38
50 verbose stack     at FSReqWrap.oncomplete (fs.js:95:15)
51 verbose cwd /Users/jeremyholland/Documents/Coding/brewHop
52 error Darwin 14.3.0
53 error argv "node" "/usr/local/bin/npm" "install" "-g" "ionic"
54 error node v0.12.2
55 error npm  v2.7.5
56 error Attempt to unlock /Users/jeremyholland/.node/lib/node_modules/ionic, which hasn't been locked
57 error If you need help, you may report this error at:
57 error     <https://github.com/npm/npm/issues>
58 verbose exit [ 1, true ]
